<?xml version="1.0" encoding="UTF-8"?>
<testng-results ignored="0" total="5" passed="4" failed="1" skipped="0">
  <reporter-output>
  </reporter-output>
  <suite started-at="2020-06-08T13:43:46Z" name="Surefire suite" finished-at="2020-06-08T13:44:11Z" duration-ms="25529">
    <groups>
      <group name="cucumber">
        <method signature="AbstractTestNGCucumberTests.runScenario(io.cucumber.testng.PickleWrapper, io.cucumber.testng.FeatureWrapper)[pri:0, instance:testRunners.TestNGCucuRunner@6069db50]" name="runScenario" class="io.cucumber.testng.AbstractTestNGCucumberTests"/>
      </group> <!-- cucumber -->
    </groups>
    <test started-at="2020-06-08T13:43:46Z" name="Surefire test" finished-at="2020-06-08T13:44:11Z" duration-ms="25529">
      <class name="testRunners.TestNGCucuRunner">
        <test-method is-config="true" signature="setUpClass()[pri:0, instance:testRunners.TestNGCucuRunner@6069db50]" started-at="2020-06-08T13:43:46Z" name="setUpClass" finished-at="2020-06-08T13:43:46Z" duration-ms="301" status="PASS">
          <reporter-output>
          </reporter-output>
        </test-method> <!-- setUpClass -->
        <test-method signature="runScenario(io.cucumber.testng.PickleWrapper, io.cucumber.testng.FeatureWrapper)[pri:0, instance:testRunners.TestNGCucuRunner@6069db50]" started-at="2020-06-08T13:43:46Z" name="runScenario" description="Runs Cucumber Scenarios" data-provider="scenarios" finished-at="2020-06-08T13:44:08Z" duration-ms="22129" status="PASS">
          <params>
            <param index="0">
              <value>
                <![CDATA["Multiple Check box demo CheckAll"]]>
              </value>
            </param>
            <param index="1">
              <value>
                <![CDATA["Validation of Check Box demo on seleniumEasy website"]]>
              </value>
            </param>
          </params>
          <reporter-output>
          </reporter-output>
        </test-method> <!-- runScenario -->
        <test-method signature="runScenario(io.cucumber.testng.PickleWrapper, io.cucumber.testng.FeatureWrapper)[pri:0, instance:testRunners.TestNGCucuRunner@6069db50]" started-at="2020-06-08T13:43:46Z" name="runScenario" description="Runs Cucumber Scenarios" data-provider="scenarios" finished-at="2020-06-08T13:44:08Z" duration-ms="22065" status="PASS">
          <params>
            <param index="0">
              <value>
                <![CDATA["Single Radio button demo"]]>
              </value>
            </param>
            <param index="1">
              <value>
                <![CDATA["Validation of Radio Buttons demo on seleniumEasy website"]]>
              </value>
            </param>
          </params>
          <reporter-output>
          </reporter-output>
        </test-method> <!-- runScenario -->
        <test-method signature="runScenario(io.cucumber.testng.PickleWrapper, io.cucumber.testng.FeatureWrapper)[pri:0, instance:testRunners.TestNGCucuRunner@6069db50]" started-at="2020-06-08T13:43:46Z" name="runScenario" description="Runs Cucumber Scenarios" data-provider="scenarios" finished-at="2020-06-08T13:44:11Z" duration-ms="24930" status="FAIL">
          <params>
            <param index="0">
              <value>
                <![CDATA["Single check box demo"]]>
              </value>
            </param>
            <param index="1">
              <value>
                <![CDATA["Validation of Check Box demo on seleniumEasy website"]]>
              </value>
            </param>
          </params>
          <exception class="java.lang.AssertionError">
            <full-stacktrace>
              <![CDATA[java.lang.AssertionError
at org.junit.Assert.fail(Assert.java:87)
at org.junit.Assert.assertTrue(Assert.java:42)
at org.junit.Assert.assertTrue(Assert.java:53)
at stepDefinations.StepDefination01.user_should_get_something_message(StepDefination01.java:63)
at âœ½.user should get "Success - Check box is checked" message(file:///C:/Users/Gagana%20T/CucumberWithSelenium/CucumberTest02/SeleniumWithCucu/src/test/java/features/CheckBoxFeature.feature:10)
]]>
            </full-stacktrace>
          </exception> <!-- java.lang.AssertionError -->
          <reporter-output>
          </reporter-output>
        </test-method> <!-- runScenario -->
        <test-method signature="runScenario(io.cucumber.testng.PickleWrapper, io.cucumber.testng.FeatureWrapper)[pri:0, instance:testRunners.TestNGCucuRunner@6069db50]" started-at="2020-06-08T13:43:46Z" name="runScenario" description="Runs Cucumber Scenarios" data-provider="scenarios" finished-at="2020-06-08T13:44:08Z" duration-ms="22304" status="PASS">
          <params>
            <param index="0">
              <value>
                <![CDATA["Multiple Check box demo UnCheck All"]]>
              </value>
            </param>
            <param index="1">
              <value>
                <![CDATA["Validation of Check Box demo on seleniumEasy website"]]>
              </value>
            </param>
          </params>
          <reporter-output>
          </reporter-output>
        </test-method> <!-- runScenario -->
        <test-method signature="runScenario(io.cucumber.testng.PickleWrapper, io.cucumber.testng.FeatureWrapper)[pri:0, instance:testRunners.TestNGCucuRunner@6069db50]" started-at="2020-06-08T13:43:46Z" name="runScenario" description="Runs Cucumber Scenarios" data-provider="scenarios" finished-at="2020-06-08T13:44:11Z" duration-ms="24803" status="PASS">
          <params>
            <param index="0">
              <value>
                <![CDATA["Multiple Check box demo UnCheck All with check all button validation"]]>
              </value>
            </param>
            <param index="1">
              <value>
                <![CDATA["Validation of Check Box demo on seleniumEasy website"]]>
              </value>
            </param>
          </params>
          <reporter-output>
          </reporter-output>
        </test-method> <!-- runScenario -->
        <test-method is-config="true" signature="tearDownClass()[pri:0, instance:testRunners.TestNGCucuRunner@6069db50]" started-at="2020-06-08T13:44:11Z" name="tearDownClass" finished-at="2020-06-08T13:44:11Z" duration-ms="267" status="PASS">
          <reporter-output>
          </reporter-output>
        </test-method> <!-- tearDownClass -->
      </class> <!-- testRunners.TestNGCucuRunner -->
    </test> <!-- Surefire test -->
  </suite> <!-- Surefire suite -->
</testng-results>
