<?xml version="1.0" encoding="UTF-8"?>
<testng-results ignored="0" total="5" passed="3" failed="2" skipped="0">
  <reporter-output>
  </reporter-output>
  <suite started-at="2020-06-08T11:13:38Z" name="Default suite" finished-at="2020-06-08T11:13:59Z" duration-ms="21189">
    <groups>
      <group name="cucumber">
        <method signature="AbstractTestNGCucumberTests.runScenario(io.cucumber.testng.PickleWrapper, io.cucumber.testng.FeatureWrapper)[pri:0, instance:testRunners.TestNGCucuRunner@4f74980d]" name="runScenario" class="io.cucumber.testng.AbstractTestNGCucumberTests"/>
      </group> <!-- cucumber -->
    </groups>
    <test started-at="2020-06-08T11:13:38Z" name="Default test" finished-at="2020-06-08T11:13:59Z" duration-ms="21189">
      <class name="testRunners.TestNGCucuRunner">
        <test-method is-config="true" signature="setUpClass()[pri:0, instance:testRunners.TestNGCucuRunner@4f74980d]" started-at="2020-06-08T11:13:38Z" name="setUpClass" finished-at="2020-06-08T11:13:38Z" duration-ms="366" status="PASS">
          <reporter-output>
          </reporter-output>
        </test-method> <!-- setUpClass -->
        <test-method signature="runScenario(io.cucumber.testng.PickleWrapper, io.cucumber.testng.FeatureWrapper)[pri:0, instance:testRunners.TestNGCucuRunner@4f74980d]" started-at="2020-06-08T11:13:38Z" name="runScenario" description="Runs Cucumber Scenarios" data-provider="scenarios" finished-at="2020-06-08T11:13:57Z" duration-ms="19282" status="FAIL">
          <params>
            <param index="0">
              <value>
                <![CDATA["Single check box demo"]]>
              </value>
            </param>
            <param index="1">
              <value>
                <![CDATA["Validation of Check Box demo on seleniumEasy website"]]>
              </value>
            </param>
          </params>
          <exception class="java.lang.AssertionError">
            <full-stacktrace>
              <![CDATA[java.lang.AssertionError
at org.junit.Assert.fail(Assert.java:87)
at org.junit.Assert.assertTrue(Assert.java:42)
at org.junit.Assert.assertTrue(Assert.java:53)
at stepDefinations.StepDefination01.user_should_get_something_message(StepDefination01.java:63)
at ✽.user should get "Success - Check box is checked" message(file:///C:/Users/Gagana%20T/CucumberWithSelenium/CucumberTest02/SeleniumWithCucu/src/test/java/features/CheckBoxFeature.feature:10)
]]>
            </full-stacktrace>
          </exception> <!-- java.lang.AssertionError -->
          <reporter-output>
          </reporter-output>
        </test-method> <!-- runScenario -->
        <test-method signature="runScenario(io.cucumber.testng.PickleWrapper, io.cucumber.testng.FeatureWrapper)[pri:0, instance:testRunners.TestNGCucuRunner@4f74980d]" started-at="2020-06-08T11:13:38Z" name="runScenario" description="Runs Cucumber Scenarios" data-provider="scenarios" finished-at="2020-06-08T11:13:57Z" duration-ms="19166" status="PASS">
          <params>
            <param index="0">
              <value>
                <![CDATA["Multiple Check box demo UnCheck All"]]>
              </value>
            </param>
            <param index="1">
              <value>
                <![CDATA["Validation of Check Box demo on seleniumEasy website"]]>
              </value>
            </param>
          </params>
          <reporter-output>
          </reporter-output>
        </test-method> <!-- runScenario -->
        <test-method signature="runScenario(io.cucumber.testng.PickleWrapper, io.cucumber.testng.FeatureWrapper)[pri:0, instance:testRunners.TestNGCucuRunner@4f74980d]" started-at="2020-06-08T11:13:38Z" name="runScenario" description="Runs Cucumber Scenarios" data-provider="scenarios" finished-at="2020-06-08T11:13:56Z" duration-ms="18250" status="FAIL">
          <params>
            <param index="0">
              <value>
                <![CDATA["Multiple Check box demo CheckAll"]]>
              </value>
            </param>
            <param index="1">
              <value>
                <![CDATA["Validation of Check Box demo on seleniumEasy website"]]>
              </value>
            </param>
          </params>
          <exception class="java.lang.AssertionError">
            <full-stacktrace>
              <![CDATA[java.lang.AssertionError
at org.junit.Assert.fail(Assert.java:87)
at org.junit.Assert.assertTrue(Assert.java:42)
at org.junit.Assert.assertTrue(Assert.java:53)
at stepDefinations.StepDefination01.all_option_should_be_checked(StepDefination01.java:90)
at ✽.all option should be checked(file:///C:/Users/Gagana%20T/CucumberWithSelenium/CucumberTest02/SeleniumWithCucu/src/test/java/features/CheckBoxFeature.feature:18)
]]>
            </full-stacktrace>
          </exception> <!-- java.lang.AssertionError -->
          <reporter-output>
          </reporter-output>
        </test-method> <!-- runScenario -->
        <test-method signature="runScenario(io.cucumber.testng.PickleWrapper, io.cucumber.testng.FeatureWrapper)[pri:0, instance:testRunners.TestNGCucuRunner@4f74980d]" started-at="2020-06-08T11:13:38Z" name="runScenario" description="Runs Cucumber Scenarios" data-provider="scenarios" finished-at="2020-06-08T11:13:56Z" duration-ms="17906" status="PASS">
          <params>
            <param index="0">
              <value>
                <![CDATA["Single Radio button demo"]]>
              </value>
            </param>
            <param index="1">
              <value>
                <![CDATA["Validation of Radio Buttons demo on seleniumEasy website"]]>
              </value>
            </param>
          </params>
          <reporter-output>
          </reporter-output>
        </test-method> <!-- runScenario -->
        <test-method signature="runScenario(io.cucumber.testng.PickleWrapper, io.cucumber.testng.FeatureWrapper)[pri:0, instance:testRunners.TestNGCucuRunner@4f74980d]" started-at="2020-06-08T11:13:38Z" name="runScenario" description="Runs Cucumber Scenarios" data-provider="scenarios" finished-at="2020-06-08T11:13:58Z" duration-ms="20119" status="PASS">
          <params>
            <param index="0">
              <value>
                <![CDATA["Multiple Check box demo UnCheck All"]]>
              </value>
            </param>
            <param index="1">
              <value>
                <![CDATA["Validation of Check Box demo on seleniumEasy website"]]>
              </value>
            </param>
          </params>
          <reporter-output>
          </reporter-output>
        </test-method> <!-- runScenario -->
        <test-method is-config="true" signature="tearDownClass()[pri:0, instance:testRunners.TestNGCucuRunner@4f74980d]" started-at="2020-06-08T11:13:58Z" name="tearDownClass" finished-at="2020-06-08T11:13:59Z" duration-ms="603" status="PASS">
          <reporter-output>
          </reporter-output>
        </test-method> <!-- tearDownClass -->
      </class> <!-- testRunners.TestNGCucuRunner -->
    </test> <!-- Default test -->
  </suite> <!-- Default suite -->
</testng-results>
