<?xml version="1.0" encoding="UTF-8"?>
<!-- Generated by org.testng.reporters.JUnitReportReporter -->
<testsuite hostname="LAPTOP-D1O2GJ92" failures="2" tests="5" name="testRunners.TestNGCucuRunner" time="94.723" errors="0" timestamp="08 Jun 2020 11:13:59 GMT" skipped="0">
  <testcase classname="testRunners.TestNGCucuRunner" name="runScenario" time="19.282">
    <failure type="java.lang.AssertionError">
      <![CDATA[java.lang.AssertionError
at org.junit.Assert.fail(Assert.java:87)
at org.junit.Assert.assertTrue(Assert.java:42)
at org.junit.Assert.assertTrue(Assert.java:53)
at stepDefinations.StepDefination01.user_should_get_something_message(StepDefination01.java:63)
at ✽.user should get "Success - Check box is checked" message(file:///C:/Users/Gagana%20T/CucumberWithSelenium/CucumberTest02/SeleniumWithCucu/src/test/java/features/CheckBoxFeature.feature:10)
]]>
    </failure>
  </testcase> <!-- runScenario -->
  <testcase classname="testRunners.TestNGCucuRunner" name="runScenario" time="19.166"/>
  <testcase classname="testRunners.TestNGCucuRunner" name="runScenario" time="18.250">
    <failure type="java.lang.AssertionError">
      <![CDATA[java.lang.AssertionError
at org.junit.Assert.fail(Assert.java:87)
at org.junit.Assert.assertTrue(Assert.java:42)
at org.junit.Assert.assertTrue(Assert.java:53)
at stepDefinations.StepDefination01.all_option_should_be_checked(StepDefination01.java:90)
at ✽.all option should be checked(file:///C:/Users/Gagana%20T/CucumberWithSelenium/CucumberTest02/SeleniumWithCucu/src/test/java/features/CheckBoxFeature.feature:18)
]]>
    </failure>
  </testcase> <!-- runScenario -->
  <testcase classname="testRunners.TestNGCucuRunner" name="runScenario" time="17.906"/>
  <testcase classname="testRunners.TestNGCucuRunner" name="runScenario" time="20.119"/>
</testsuite> <!-- testRunners.TestNGCucuRunner -->
